<?xml version="1.0" encoding="UTF-8"?>
<!-- Generated by org.testng.reporters.JUnitReportReporter -->
<testsuite hostname="DESKTOP-57QL2OO" failures="0" tests="1" name="org.sample.mavensample.hello" time="0.015" errors="0" timestamp="2024-05-14T20:45:41 IST" skipped="0">
  <testcase classname="org.sample.mavensample.hello" name="hello1" time="0.015"/>
</testsuite> <!-- org.sample.mavensample.hello -->
