<?xml version="1.0" encoding="UTF-8"?>
<!-- Generated by org.testng.reporters.JUnitReportReporter -->
<testsuite hostname="DESKTOP-57QL2OO" failures="0" tests="1" name="testCases.TC1" time="30.670" errors="0" timestamp="2024-05-23T13:19:09 IST" skipped="0">
  <testcase classname="testCases.TC1" name="seachMaven" time="30.670"/>
</testsuite> <!-- testCases.TC1 -->
