<?xml version="1.0" encoding="UTF-8"?>
<!-- Generated by org.testng.reporters.JUnitReportReporter -->
<testsuite hostname="DESKTOP-57QL2OO" failures="0" tests="2" name="testCases.hello" time="0.012" errors="0" timestamp="2024-05-23T10:33:42 IST" skipped="0">
  <testcase classname="testCases.hello" name="hello1" time="0.003"/>
  <testcase classname="testCases.hello" name="hello1" time="0.009"/>
</testsuite> <!-- testCases.hello -->
